2018-04-24 15:35:57,579 INFO  [JavaFX Application Thread     ] [BaseConfigurationManager      ]  - Creating UI property file
2018-04-24 15:35:58,742 ERROR [JavaFX Application Thread     ] [BaseConfigurationUtils        ]  - Invalid number format 
2018-04-24 15:35:59,724 ERROR [JavaFX Application Thread     ] [MqttStatsFileIO               ]  - Cannot read the statistics file from C:\Users\donat\mqtt-spy\mqtt-spy-stats.xml
java.io.FileNotFoundException: Cannot load the file from C:\Users\donat\mqtt-spy\mqtt-spy-stats.xml
	at pl.baczkowicz.spy.xml.XMLParser.loadFromFile(XMLParser.java:359)
	at pl.baczkowicz.mqttspy.ui.stats.MqttStatsFileIO.loadStats(MqttStatsFileIO.java:76)
	at pl.baczkowicz.spy.ui.stats.StatisticsManager.loadStats(StatisticsManager.java:298)
	at pl.baczkowicz.mqttspy.ui.controllers.MqttSpyMainController.init(MqttSpyMainController.java:154)
	at pl.baczkowicz.mqttspy.ui.MqttViewManager.createMainWindow(MqttViewManager.java:150)
	at pl.baczkowicz.mqttspy.Main.start(Main.java:90)
	at com.sun.javafx.application.LauncherImpl.lambda$launchApplication1$161(LauncherImpl.java:863)
	at com.sun.javafx.application.PlatformImpl.lambda$runAndWait$174(PlatformImpl.java:326)
	at com.sun.javafx.application.PlatformImpl.lambda$null$172(PlatformImpl.java:295)
	at java.security.AccessController.doPrivileged(Native Method)
	at com.sun.javafx.application.PlatformImpl.lambda$runLater$173(PlatformImpl.java:294)
	at com.sun.glass.ui.InvokeLaterDispatcher$Future.run(InvokeLaterDispatcher.java:95)
	at com.sun.glass.ui.win.WinApplication._runLoop(Native Method)
	at com.sun.glass.ui.win.WinApplication.lambda$null$147(WinApplication.java:177)
	at java.lang.Thread.run(Thread.java:748)
2018-04-24 15:36:00,632 INFO  [JavaFX Application Thread     ] [MqttViewManager               ]  - Default configuration file present (C:\Users\donat\mqtt-spy\mqtt-spy-configuration.xml) = false
2018-04-24 15:36:17,444 INFO  [JavaFX Application Thread     ] [EditConnectionsController     ]  - Selecting first item...
2018-04-24 15:36:17,445 INFO  [JavaFX Application Thread     ] [EditConnectionsController     ]  - Selecting first item...
2018-04-24 15:36:17,456 INFO  [JavaFX Application Thread     ] [EditConnectionsController     ]  - Selecting first item...
2018-04-24 15:38:46,556 INFO  [JavaFX Application Thread     ] [EditConnectionsController     ]  - Selecting first item...
2018-04-24 15:43:06,497 INFO  [JavaFX Application Thread     ] [EditMqttConnectionController  ]  - Opening connection donat153953199@127.0.0.1
2018-04-24 15:43:06,516 INFO  [JavaFX Application Thread     ] [MqttConfigurationUtils        ]  - Auto-complete for server URI (127.0.0.1 -> ws://127.0.0.1)
2018-04-24 15:43:06,528 ERROR [Thread-11                     ] [BaseConfigurationUtils        ]  - Invalid number format 
2018-04-24 15:43:06,769 ERROR [JavaFX Application Thread     ] [FileUtils                     ]  - No files in C:\Users\donat\mqtt-spy\
2018-04-24 15:43:07,397 INFO  [mqtt-spy [ConnectionRunnable for donat153953199@127.0.0.1]] [MqttAsyncConnectionRunnable   ]  - Connecting client ID [donat153953199] to server [[ws://127.0.0.1]]; options = 
============== Connection options ==============
CleanSession                :  true
SocketFactory               :  null
MqttVersion                 :  0
KeepAliveInterval           :  60
ConTimeout                  :  30
UserName                    :  null
SSLProperties               :  null
WillDestination             :  null
==========================================

2018-04-24 15:43:07,581 WARN  [MQTT Con: donat153953199      ] [MqttConnectionResultHandler   ]  - Connecting to donat153953199@127.0.0.1 failed
MqttException (0) - java.lang.NullPointerException
	at org.eclipse.paho.client.mqttv3.internal.ExceptionHelper.createMqttException(ExceptionHelper.java:38)
	at org.eclipse.paho.client.mqttv3.internal.ClientComms$ConnectBG.run(ClientComms.java:664)
	at java.lang.Thread.run(Thread.java:748)
Caused by: java.lang.NullPointerException
	at org.eclipse.paho.client.mqttv3.internal.websocket.WebSocketHandshake.receiveHandshakeResponse(WebSocketHandshake.java:133)
	at org.eclipse.paho.client.mqttv3.internal.websocket.WebSocketHandshake.execute(WebSocketHandshake.java:74)
	at org.eclipse.paho.client.mqttv3.internal.websocket.WebSocketNetworkModule.start(WebSocketNetworkModule.java:78)
	at org.eclipse.paho.client.mqttv3.internal.ClientComms$ConnectBG.run(ClientComms.java:650)
	... 1 more
2018-04-24 15:43:15,260 INFO  [mqtt-spy [ConnectionRunnable for donat153953199@127.0.0.1]] [MqttAsyncConnectionRunnable   ]  - Connecting client ID [donat153953199] to server [[ws://127.0.0.1]]; options = 
============== Connection options ==============
CleanSession                :  true
SocketFactory               :  null
MqttVersion                 :  0
KeepAliveInterval           :  60
ConTimeout                  :  30
UserName                    :  null
SSLProperties               :  null
WillDestination             :  null
==========================================

2018-04-24 15:43:15,307 WARN  [MQTT Con: donat153953199      ] [MqttConnectionResultHandler   ]  - Connecting to donat153953199@127.0.0.1 failed
MqttException (0) - java.lang.NullPointerException
	at org.eclipse.paho.client.mqttv3.internal.ExceptionHelper.createMqttException(ExceptionHelper.java:38)
	at org.eclipse.paho.client.mqttv3.internal.ClientComms$ConnectBG.run(ClientComms.java:664)
	at java.lang.Thread.run(Thread.java:748)
Caused by: java.lang.NullPointerException
	at org.eclipse.paho.client.mqttv3.internal.websocket.WebSocketHandshake.receiveHandshakeResponse(WebSocketHandshake.java:133)
	at org.eclipse.paho.client.mqttv3.internal.websocket.WebSocketHandshake.execute(WebSocketHandshake.java:74)
	at org.eclipse.paho.client.mqttv3.internal.websocket.WebSocketNetworkModule.start(WebSocketNetworkModule.java:78)
	at org.eclipse.paho.client.mqttv3.internal.ClientComms$ConnectBG.run(ClientComms.java:650)
	... 1 more
2018-04-24 15:43:36,546 INFO  [mqtt-spy [ConnectionRunnable for donat153953199@127.0.0.1]] [MqttAsyncConnectionRunnable   ]  - Connecting client ID [donat153953199] to server [[ws://127.0.0.1]]; options = 
============== Connection options ==============
CleanSession                :  true
SocketFactory               :  null
MqttVersion                 :  0
KeepAliveInterval           :  60
ConTimeout                  :  30
UserName                    :  null
SSLProperties               :  null
WillDestination             :  null
==========================================

2018-04-24 15:43:36,571 WARN  [MQTT Con: donat153953199      ] [MqttConnectionResultHandler   ]  - Connecting to donat153953199@127.0.0.1 failed
MqttException (0) - java.lang.NullPointerException
	at org.eclipse.paho.client.mqttv3.internal.ExceptionHelper.createMqttException(ExceptionHelper.java:38)
	at org.eclipse.paho.client.mqttv3.internal.ClientComms$ConnectBG.run(ClientComms.java:664)
	at java.lang.Thread.run(Thread.java:748)
Caused by: java.lang.NullPointerException
	at org.eclipse.paho.client.mqttv3.internal.websocket.WebSocketHandshake.receiveHandshakeResponse(WebSocketHandshake.java:133)
	at org.eclipse.paho.client.mqttv3.internal.websocket.WebSocketHandshake.execute(WebSocketHandshake.java:74)
	at org.eclipse.paho.client.mqttv3.internal.websocket.WebSocketNetworkModule.start(WebSocketNetworkModule.java:78)
	at org.eclipse.paho.client.mqttv3.internal.ClientComms$ConnectBG.run(ClientComms.java:650)
	... 1 more
2018-04-24 15:44:20,267 INFO  [mqtt-spy [ConnectionRunnable for donat153953199@127.0.0.1]] [MqttAsyncConnectionRunnable   ]  - Connecting client ID [donat153953199] to server [[ws://127.0.0.1]]; options = 
============== Connection options ==============
CleanSession                :  true
SocketFactory               :  null
MqttVersion                 :  0
KeepAliveInterval           :  60
ConTimeout                  :  30
UserName                    :  null
SSLProperties               :  null
WillDestination             :  null
==========================================

2018-04-24 15:44:20,307 WARN  [MQTT Con: donat153953199      ] [MqttConnectionResultHandler   ]  - Connecting to donat153953199@127.0.0.1 failed
MqttException (0) - java.lang.NullPointerException
	at org.eclipse.paho.client.mqttv3.internal.ExceptionHelper.createMqttException(ExceptionHelper.java:38)
	at org.eclipse.paho.client.mqttv3.internal.ClientComms$ConnectBG.run(ClientComms.java:664)
	at java.lang.Thread.run(Thread.java:748)
Caused by: java.lang.NullPointerException
	at org.eclipse.paho.client.mqttv3.internal.websocket.WebSocketHandshake.receiveHandshakeResponse(WebSocketHandshake.java:133)
	at org.eclipse.paho.client.mqttv3.internal.websocket.WebSocketHandshake.execute(WebSocketHandshake.java:74)
	at org.eclipse.paho.client.mqttv3.internal.websocket.WebSocketNetworkModule.start(WebSocketNetworkModule.java:78)
	at org.eclipse.paho.client.mqttv3.internal.ClientComms$ConnectBG.run(ClientComms.java:650)
	... 1 more
2018-04-24 15:44:48,832 ERROR [JavaFX Application Thread     ] [SpyUncaughtExceptionHandler   ]  - Thread Thread[JavaFX Application Thread,5,main] failed with java.lang.ClassCastException: javafx.scene.control.ButtonType cannot be cast to pl.baczkowicz.spy.ui.controls.DialogAction
java.lang.ClassCastException: javafx.scene.control.ButtonType cannot be cast to pl.baczkowicz.spy.ui.controls.DialogAction
	at pl.baczkowicz.spy.ui.utils.DialogFactory.showDefaultConfigurationFileMissingChoice(DialogFactory.java:434)
	at pl.baczkowicz.mqttspy.ui.controlpanel.MqttConfigControlPanelItem$1.handle(MqttConfigControlPanelItem.java:66)
	at pl.baczkowicz.mqttspy.ui.controlpanel.MqttConfigControlPanelItem$1.handle(MqttConfigControlPanelItem.java:62)
	at com.sun.javafx.event.CompositeEventHandler.dispatchBubblingEvent(CompositeEventHandler.java:86)
	at com.sun.javafx.event.EventHandlerManager.dispatchBubblingEvent(EventHandlerManager.java:238)
	at com.sun.javafx.event.EventHandlerManager.dispatchBubblingEvent(EventHandlerManager.java:191)
	at com.sun.javafx.event.CompositeEventDispatcher.dispatchBubblingEvent(CompositeEventDispatcher.java:59)
	at com.sun.javafx.event.BasicEventDispatcher.dispatchEvent(BasicEventDispatcher.java:58)
	at com.sun.javafx.event.EventDispatchChainImpl.dispatchEvent(EventDispatchChainImpl.java:114)
	at com.sun.javafx.event.BasicEventDispatcher.dispatchEvent(BasicEventDispatcher.java:56)
	at com.sun.javafx.event.EventDispatchChainImpl.dispatchEvent(EventDispatchChainImpl.java:114)
	at com.sun.javafx.event.BasicEventDispatcher.dispatchEvent(BasicEventDispatcher.java:56)
	at com.sun.javafx.event.EventDispatchChainImpl.dispatchEvent(EventDispatchChainImpl.java:114)
	at com.sun.javafx.event.BasicEventDispatcher.dispatchEvent(BasicEventDispatcher.java:56)
	at com.sun.javafx.event.EventDispatchChainImpl.dispatchEvent(EventDispatchChainImpl.java:114)
	at com.sun.javafx.event.EventUtil.fireEventImpl(EventUtil.java:74)
	at com.sun.javafx.event.EventUtil.fireEvent(EventUtil.java:49)
	at javafx.event.Event.fireEvent(Event.java:198)
	at javafx.scene.Node.fireEvent(Node.java:8413)
	at javafx.scene.control.Button.fire(Button.java:185)
	at com.sun.javafx.scene.control.behavior.ButtonBehavior.mouseReleased(ButtonBehavior.java:182)
	at com.sun.javafx.scene.control.skin.BehaviorSkinBase$1.handle(BehaviorSkinBase.java:96)
	at com.sun.javafx.scene.control.skin.BehaviorSkinBase$1.handle(BehaviorSkinBase.java:89)
	at com.sun.javafx.event.CompositeEventHandler$NormalEventHandlerRecord.handleBubblingEvent(CompositeEventHandler.java:218)
	at com.sun.javafx.event.CompositeEventHandler.dispatchBubblingEvent(CompositeEventHandler.java:80)
	at com.sun.javafx.event.EventHandlerManager.dispatchBubblingEvent(EventHandlerManager.java:238)
	at com.sun.javafx.event.EventHandlerManager.dispatchBubblingEvent(EventHandlerManager.java:191)
	at com.sun.javafx.event.CompositeEventDispatcher.dispatchBubblingEvent(CompositeEventDispatcher.java:59)
	at com.sun.javafx.event.BasicEventDispatcher.dispatchEvent(BasicEventDispatcher.java:58)
	at com.sun.javafx.event.EventDispatchChainImpl.dispatchEvent(EventDispatchChainImpl.java:114)
	at com.sun.javafx.event.BasicEventDispatcher.dispatchEvent(BasicEventDispatcher.java:56)
	at com.sun.javafx.event.EventDispatchChainImpl.dispatchEvent(EventDispatchChainImpl.java:114)
	at com.sun.javafx.event.BasicEventDispatcher.dispatchEvent(BasicEventDispatcher.java:56)
	at com.sun.javafx.event.EventDispatchChainImpl.dispatchEvent(EventDispatchChainImpl.java:114)
	at com.sun.javafx.event.BasicEventDispatcher.dispatchEvent(BasicEventDispatcher.java:56)
	at com.sun.javafx.event.EventDispatchChainImpl.dispatchEvent(EventDispatchChainImpl.java:114)
	at com.sun.javafx.event.EventUtil.fireEventImpl(EventUtil.java:74)
	at com.sun.javafx.event.EventUtil.fireEvent(EventUtil.java:54)
	at javafx.event.Event.fireEvent(Event.java:198)
	at javafx.scene.Scene$MouseHandler.process(Scene.java:3757)
	at javafx.scene.Scene$MouseHandler.access$1500(Scene.java:3485)
	at javafx.scene.Scene.impl_processMouseEvent(Scene.java:1762)
	at javafx.scene.Scene$ScenePeerListener.mouseEvent(Scene.java:2494)
	at com.sun.javafx.tk.quantum.GlassViewEventHandler$MouseEventNotification.run(GlassViewEventHandler.java:394)
	at com.sun.javafx.tk.quantum.GlassViewEventHandler$MouseEventNotification.run(GlassViewEventHandler.java:295)
	at java.security.AccessController.doPrivileged(Native Method)
	at com.sun.javafx.tk.quantum.GlassViewEventHandler.lambda$handleMouseEvent$353(GlassViewEventHandler.java:432)
	at com.sun.javafx.tk.quantum.QuantumToolkit.runWithoutRenderLock(QuantumToolkit.java:389)
	at com.sun.javafx.tk.quantum.GlassViewEventHandler.handleMouseEvent(GlassViewEventHandler.java:431)
	at com.sun.glass.ui.View.handleMouseEvent(View.java:555)
	at com.sun.glass.ui.View.notifyMouse(View.java:937)
	at com.sun.glass.ui.win.WinApplication._runLoop(Native Method)
	at com.sun.glass.ui.win.WinApplication.lambda$null$147(WinApplication.java:177)
	at java.lang.Thread.run(Thread.java:748)
2018-04-24 15:44:50,145 INFO  [mqtt-spy [ConnectionRunnable for donat153953199@127.0.0.1]] [MqttAsyncConnectionRunnable   ]  - Connecting client ID [donat153953199] to server [[ws://127.0.0.1]]; options = 
============== Connection options ==============
CleanSession                :  true
SocketFactory               :  null
MqttVersion                 :  0
KeepAliveInterval           :  60
ConTimeout                  :  30
UserName                    :  null
SSLProperties               :  null
WillDestination             :  null
==========================================

2018-04-24 15:44:50,175 WARN  [MQTT Con: donat153953199      ] [MqttConnectionResultHandler   ]  - Connecting to donat153953199@127.0.0.1 failed
MqttException (0) - java.lang.NullPointerException
	at org.eclipse.paho.client.mqttv3.internal.ExceptionHelper.createMqttException(ExceptionHelper.java:38)
	at org.eclipse.paho.client.mqttv3.internal.ClientComms$ConnectBG.run(ClientComms.java:664)
	at java.lang.Thread.run(Thread.java:748)
Caused by: java.lang.NullPointerException
	at org.eclipse.paho.client.mqttv3.internal.websocket.WebSocketHandshake.receiveHandshakeResponse(WebSocketHandshake.java:133)
	at org.eclipse.paho.client.mqttv3.internal.websocket.WebSocketHandshake.execute(WebSocketHandshake.java:74)
	at org.eclipse.paho.client.mqttv3.internal.websocket.WebSocketNetworkModule.start(WebSocketNetworkModule.java:78)
	at org.eclipse.paho.client.mqttv3.internal.ClientComms$ConnectBG.run(ClientComms.java:650)
	... 1 more
2018-04-24 15:46:25,785 INFO  [JavaFX Application Thread     ] [MqttConnectionWithReconnection]  - Disconnecting donat153953199 from [ws://127.0.0.1]
2018-04-24 15:46:32,883 INFO  [JavaFX Application Thread     ] [EditConnectionsController     ]  - Selecting first item...
2018-04-24 15:47:05,912 INFO  [JavaFX Application Thread     ] [EditMqttConnectionController  ]  - Opening connection donat154629119@127.0.0.1/mqtt
2018-04-24 15:47:05,922 INFO  [JavaFX Application Thread     ] [MqttConfigurationUtils        ]  - Auto-complete for server URI (127.0.0.1/mqtt -> ws://127.0.0.1/mqtt)
2018-04-24 15:47:06,069 ERROR [JavaFX Application Thread     ] [FileUtils                     ]  - No files in C:\Users\donat\mqtt-spy\
2018-04-24 15:47:06,581 INFO  [mqtt-spy [ConnectionRunnable for donat154629119@127.0.0.1/mqtt]] [MqttAsyncConnectionRunnable   ]  - Connecting client ID [donat154629119] to server [[ws://127.0.0.1/mqtt]]; options = 
============== Connection options ==============
CleanSession                :  true
SocketFactory               :  null
MqttVersion                 :  0
KeepAliveInterval           :  60
ConTimeout                  :  30
UserName                    :  null
SSLProperties               :  null
WillDestination             :  null
==========================================

2018-04-24 15:47:06,605 WARN  [MQTT Con: donat154629119      ] [MqttConnectionResultHandler   ]  - Connecting to donat154629119@127.0.0.1/mqtt failed
MqttException (0) - java.lang.NullPointerException
	at org.eclipse.paho.client.mqttv3.internal.ExceptionHelper.createMqttException(ExceptionHelper.java:38)
	at org.eclipse.paho.client.mqttv3.internal.ClientComms$ConnectBG.run(ClientComms.java:664)
	at java.lang.Thread.run(Thread.java:748)
Caused by: java.lang.NullPointerException
	at org.eclipse.paho.client.mqttv3.internal.websocket.WebSocketHandshake.receiveHandshakeResponse(WebSocketHandshake.java:133)
	at org.eclipse.paho.client.mqttv3.internal.websocket.WebSocketHandshake.execute(WebSocketHandshake.java:74)
	at org.eclipse.paho.client.mqttv3.internal.websocket.WebSocketNetworkModule.start(WebSocketNetworkModule.java:78)
	at org.eclipse.paho.client.mqttv3.internal.ClientComms$ConnectBG.run(ClientComms.java:650)
	... 1 more
2018-04-24 15:47:11,543 INFO  [mqtt-spy [ConnectionRunnable for donat154629119@127.0.0.1/mqtt]] [MqttAsyncConnectionRunnable   ]  - Connecting client ID [donat154629119] to server [[ws://127.0.0.1/mqtt]]; options = 
============== Connection options ==============
CleanSession                :  true
SocketFactory               :  null
MqttVersion                 :  0
KeepAliveInterval           :  60
ConTimeout                  :  30
UserName                    :  null
SSLProperties               :  null
WillDestination             :  null
==========================================

2018-04-24 15:47:11,567 WARN  [MQTT Con: donat154629119      ] [MqttConnectionResultHandler   ]  - Connecting to donat154629119@127.0.0.1/mqtt failed
MqttException (0) - java.lang.NullPointerException
	at org.eclipse.paho.client.mqttv3.internal.ExceptionHelper.createMqttException(ExceptionHelper.java:38)
	at org.eclipse.paho.client.mqttv3.internal.ClientComms$ConnectBG.run(ClientComms.java:664)
	at java.lang.Thread.run(Thread.java:748)
Caused by: java.lang.NullPointerException
	at org.eclipse.paho.client.mqttv3.internal.websocket.WebSocketHandshake.receiveHandshakeResponse(WebSocketHandshake.java:133)
	at org.eclipse.paho.client.mqttv3.internal.websocket.WebSocketHandshake.execute(WebSocketHandshake.java:74)
	at org.eclipse.paho.client.mqttv3.internal.websocket.WebSocketNetworkModule.start(WebSocketNetworkModule.java:78)
	at org.eclipse.paho.client.mqttv3.internal.ClientComms$ConnectBG.run(ClientComms.java:650)
	... 1 more
2018-04-24 15:47:13,811 INFO  [mqtt-spy [ConnectionRunnable for donat154629119@127.0.0.1/mqtt]] [MqttAsyncConnectionRunnable   ]  - Connecting client ID [donat154629119] to server [[ws://127.0.0.1/mqtt]]; options = 
============== Connection options ==============
CleanSession                :  true
SocketFactory               :  null
MqttVersion                 :  0
KeepAliveInterval           :  60
ConTimeout                  :  30
UserName                    :  null
SSLProperties               :  null
WillDestination             :  null
==========================================

2018-04-24 15:47:13,837 WARN  [MQTT Con: donat154629119      ] [MqttConnectionResultHandler   ]  - Connecting to donat154629119@127.0.0.1/mqtt failed
MqttException (0) - java.lang.NullPointerException
	at org.eclipse.paho.client.mqttv3.internal.ExceptionHelper.createMqttException(ExceptionHelper.java:38)
	at org.eclipse.paho.client.mqttv3.internal.ClientComms$ConnectBG.run(ClientComms.java:664)
	at java.lang.Thread.run(Thread.java:748)
Caused by: java.lang.NullPointerException
	at org.eclipse.paho.client.mqttv3.internal.websocket.WebSocketHandshake.receiveHandshakeResponse(WebSocketHandshake.java:133)
	at org.eclipse.paho.client.mqttv3.internal.websocket.WebSocketHandshake.execute(WebSocketHandshake.java:74)
	at org.eclipse.paho.client.mqttv3.internal.websocket.WebSocketNetworkModule.start(WebSocketNetworkModule.java:78)
	at org.eclipse.paho.client.mqttv3.internal.ClientComms$ConnectBG.run(ClientComms.java:650)
	... 1 more
2018-04-24 15:47:16,551 INFO  [mqtt-spy [ConnectionRunnable for donat154629119@127.0.0.1/mqtt]] [MqttAsyncConnectionRunnable   ]  - Connecting client ID [donat154629119] to server [[ws://127.0.0.1/mqtt]]; options = 
============== Connection options ==============
CleanSession                :  true
SocketFactory               :  null
MqttVersion                 :  0
KeepAliveInterval           :  60
ConTimeout                  :  30
UserName                    :  null
SSLProperties               :  null
WillDestination             :  null
==========================================

2018-04-24 15:47:16,568 WARN  [MQTT Con: donat154629119      ] [MqttConnectionResultHandler   ]  - Connecting to donat154629119@127.0.0.1/mqtt failed
MqttException (0) - java.lang.NullPointerException
	at org.eclipse.paho.client.mqttv3.internal.ExceptionHelper.createMqttException(ExceptionHelper.java:38)
	at org.eclipse.paho.client.mqttv3.internal.ClientComms$ConnectBG.run(ClientComms.java:664)
	at java.lang.Thread.run(Thread.java:748)
Caused by: java.lang.NullPointerException
	at org.eclipse.paho.client.mqttv3.internal.websocket.WebSocketHandshake.receiveHandshakeResponse(WebSocketHandshake.java:133)
	at org.eclipse.paho.client.mqttv3.internal.websocket.WebSocketHandshake.execute(WebSocketHandshake.java:74)
	at org.eclipse.paho.client.mqttv3.internal.websocket.WebSocketNetworkModule.start(WebSocketNetworkModule.java:78)
	at org.eclipse.paho.client.mqttv3.internal.ClientComms$ConnectBG.run(ClientComms.java:650)
	... 1 more
2018-04-24 16:01:52,070 INFO  [JavaFX Application Thread     ] [MqttConnectionWithReconnection]  - Disconnecting donat154629119 from [ws://127.0.0.1/mqtt]
2018-04-24 16:01:52,073 INFO  [JavaFX Application Thread     ] [EditMqttConnectionController  ]  - Opening connection donat154629119@ws://127.0.0.1:9001
2018-04-24 16:01:52,229 ERROR [JavaFX Application Thread     ] [FileUtils                     ]  - No files in C:\Users\donat\mqtt-spy\
2018-04-24 16:01:52,753 INFO  [mqtt-spy [ConnectionRunnable for donat154629119@ws://127.0.0.1:9001]] [MqttAsyncConnectionRunnable   ]  - Connecting client ID [donat154629119] to server [[ws://127.0.0.1:9001]]; options = 
============== Connection options ==============
CleanSession                :  true
SocketFactory               :  null
MqttVersion                 :  0
KeepAliveInterval           :  60
ConTimeout                  :  30
UserName                    :  null
SSLProperties               :  null
WillDestination             :  null
==========================================

2018-04-24 16:01:52,769 WARN  [MQTT Con: donat154629119      ] [MqttConnectionResultHandler   ]  - Connecting to donat154629119@ws://127.0.0.1:9001 failed
MqttException (0) - java.io.IOException: WebSocket Response header: Invalid response from Server, It may not support WebSockets.
	at org.eclipse.paho.client.mqttv3.internal.ExceptionHelper.createMqttException(ExceptionHelper.java:38)
	at org.eclipse.paho.client.mqttv3.internal.ClientComms$ConnectBG.run(ClientComms.java:664)
	at java.lang.Thread.run(Thread.java:748)
Caused by: java.io.IOException: WebSocket Response header: Invalid response from Server, It may not support WebSockets.
	at org.eclipse.paho.client.mqttv3.internal.websocket.WebSocketHandshake.receiveHandshakeResponse(WebSocketHandshake.java:119)
	at org.eclipse.paho.client.mqttv3.internal.websocket.WebSocketHandshake.execute(WebSocketHandshake.java:74)
	at org.eclipse.paho.client.mqttv3.internal.websocket.WebSocketNetworkModule.start(WebSocketNetworkModule.java:78)
	at org.eclipse.paho.client.mqttv3.internal.ClientComms$ConnectBG.run(ClientComms.java:650)
	... 1 more
2018-04-24 16:01:54,120 INFO  [mqtt-spy [ConnectionRunnable for donat154629119@ws://127.0.0.1:9001]] [MqttAsyncConnectionRunnable   ]  - Connecting client ID [donat154629119] to server [[ws://127.0.0.1:9001]]; options = 
============== Connection options ==============
CleanSession                :  true
SocketFactory               :  null
MqttVersion                 :  0
KeepAliveInterval           :  60
ConTimeout                  :  30
UserName                    :  null
SSLProperties               :  null
WillDestination             :  null
==========================================

2018-04-24 16:01:54,137 WARN  [MQTT Con: donat154629119      ] [MqttConnectionResultHandler   ]  - Connecting to donat154629119@ws://127.0.0.1:9001 failed
MqttException (0) - java.io.IOException: WebSocket Response header: Invalid response from Server, It may not support WebSockets.
	at org.eclipse.paho.client.mqttv3.internal.ExceptionHelper.createMqttException(ExceptionHelper.java:38)
	at org.eclipse.paho.client.mqttv3.internal.ClientComms$ConnectBG.run(ClientComms.java:664)
	at java.lang.Thread.run(Thread.java:748)
Caused by: java.io.IOException: WebSocket Response header: Invalid response from Server, It may not support WebSockets.
	at org.eclipse.paho.client.mqttv3.internal.websocket.WebSocketHandshake.receiveHandshakeResponse(WebSocketHandshake.java:119)
	at org.eclipse.paho.client.mqttv3.internal.websocket.WebSocketHandshake.execute(WebSocketHandshake.java:74)
	at org.eclipse.paho.client.mqttv3.internal.websocket.WebSocketNetworkModule.start(WebSocketNetworkModule.java:78)
	at org.eclipse.paho.client.mqttv3.internal.ClientComms$ConnectBG.run(ClientComms.java:650)
	... 1 more
2018-04-24 16:01:55,242 INFO  [mqtt-spy [ConnectionRunnable for donat154629119@ws://127.0.0.1:9001]] [MqttAsyncConnectionRunnable   ]  - Connecting client ID [donat154629119] to server [[ws://127.0.0.1:9001]]; options = 
============== Connection options ==============
CleanSession                :  true
SocketFactory               :  null
MqttVersion                 :  0
KeepAliveInterval           :  60
ConTimeout                  :  30
UserName                    :  null
SSLProperties               :  null
WillDestination             :  null
==========================================

2018-04-24 16:01:55,259 WARN  [MQTT Con: donat154629119      ] [MqttConnectionResultHandler   ]  - Connecting to donat154629119@ws://127.0.0.1:9001 failed
MqttException (0) - java.io.IOException: WebSocket Response header: Invalid response from Server, It may not support WebSockets.
	at org.eclipse.paho.client.mqttv3.internal.ExceptionHelper.createMqttException(ExceptionHelper.java:38)
	at org.eclipse.paho.client.mqttv3.internal.ClientComms$ConnectBG.run(ClientComms.java:664)
	at java.lang.Thread.run(Thread.java:748)
Caused by: java.io.IOException: WebSocket Response header: Invalid response from Server, It may not support WebSockets.
	at org.eclipse.paho.client.mqttv3.internal.websocket.WebSocketHandshake.receiveHandshakeResponse(WebSocketHandshake.java:119)
	at org.eclipse.paho.client.mqttv3.internal.websocket.WebSocketHandshake.execute(WebSocketHandshake.java:74)
	at org.eclipse.paho.client.mqttv3.internal.websocket.WebSocketNetworkModule.start(WebSocketNetworkModule.java:78)
	at org.eclipse.paho.client.mqttv3.internal.ClientComms$ConnectBG.run(ClientComms.java:650)
	... 1 more
2018-04-24 16:02:04,215 INFO  [JavaFX Application Thread     ] [EditConnectionsController     ]  - Selecting first item...
2018-04-24 16:02:15,711 INFO  [JavaFX Application Thread     ] [MqttConnectionWithReconnection]  - Disconnecting donat154629119 from [ws://127.0.0.1:9001]
2018-04-24 16:08:12,544 ERROR [JavaFX Application Thread     ] [BaseConfigurationUtils        ]  - Invalid number format 
2018-04-24 16:08:13,065 ERROR [JavaFX Application Thread     ] [MqttStatsFileIO               ]  - Cannot read the statistics file from C:\Users\donat\mqtt-spy\mqtt-spy-stats.xml
java.io.FileNotFoundException: Cannot load the file from C:\Users\donat\mqtt-spy\mqtt-spy-stats.xml
	at pl.baczkowicz.spy.xml.XMLParser.loadFromFile(XMLParser.java:359)
	at pl.baczkowicz.mqttspy.ui.stats.MqttStatsFileIO.loadStats(MqttStatsFileIO.java:76)
	at pl.baczkowicz.spy.ui.stats.StatisticsManager.loadStats(StatisticsManager.java:298)
	at pl.baczkowicz.mqttspy.ui.controllers.MqttSpyMainController.init(MqttSpyMainController.java:154)
	at pl.baczkowicz.mqttspy.ui.MqttViewManager.createMainWindow(MqttViewManager.java:150)
	at pl.baczkowicz.mqttspy.Main.start(Main.java:90)
	at com.sun.javafx.application.LauncherImpl.lambda$launchApplication1$161(LauncherImpl.java:863)
	at com.sun.javafx.application.PlatformImpl.lambda$runAndWait$174(PlatformImpl.java:326)
	at com.sun.javafx.application.PlatformImpl.lambda$null$172(PlatformImpl.java:295)
	at java.security.AccessController.doPrivileged(Native Method)
	at com.sun.javafx.application.PlatformImpl.lambda$runLater$173(PlatformImpl.java:294)
	at com.sun.glass.ui.InvokeLaterDispatcher$Future.run(InvokeLaterDispatcher.java:95)
	at com.sun.glass.ui.win.WinApplication._runLoop(Native Method)
	at com.sun.glass.ui.win.WinApplication.lambda$null$147(WinApplication.java:177)
	at java.lang.Thread.run(Thread.java:748)
2018-04-24 16:08:13,730 INFO  [JavaFX Application Thread     ] [MqttViewManager               ]  - Default configuration file present (C:\Users\donat\mqtt-spy\mqtt-spy-configuration.xml) = false
2018-04-24 16:08:26,998 INFO  [JavaFX Application Thread     ] [EditConnectionsController     ]  - Selecting first item...
2018-04-24 16:08:26,999 INFO  [JavaFX Application Thread     ] [EditConnectionsController     ]  - Selecting first item...
2018-04-24 16:08:27,009 INFO  [JavaFX Application Thread     ] [EditConnectionsController     ]  - Selecting first item...
2018-04-24 16:21:05,771 ERROR [JavaFX Application Thread     ] [BaseConfigurationUtils        ]  - Invalid number format 
2018-04-24 16:21:06,361 ERROR [JavaFX Application Thread     ] [MqttStatsFileIO               ]  - Cannot read the statistics file from C:\Users\donat\mqtt-spy\mqtt-spy-stats.xml
java.io.FileNotFoundException: Cannot load the file from C:\Users\donat\mqtt-spy\mqtt-spy-stats.xml
	at pl.baczkowicz.spy.xml.XMLParser.loadFromFile(XMLParser.java:359)
	at pl.baczkowicz.mqttspy.ui.stats.MqttStatsFileIO.loadStats(MqttStatsFileIO.java:76)
	at pl.baczkowicz.spy.ui.stats.StatisticsManager.loadStats(StatisticsManager.java:298)
	at pl.baczkowicz.mqttspy.ui.controllers.MqttSpyMainController.init(MqttSpyMainController.java:154)
	at pl.baczkowicz.mqttspy.ui.MqttViewManager.createMainWindow(MqttViewManager.java:150)
	at pl.baczkowicz.mqttspy.Main.start(Main.java:90)
	at com.sun.javafx.application.LauncherImpl.lambda$launchApplication1$161(LauncherImpl.java:863)
	at com.sun.javafx.application.PlatformImpl.lambda$runAndWait$174(PlatformImpl.java:326)
	at com.sun.javafx.application.PlatformImpl.lambda$null$172(PlatformImpl.java:295)
	at java.security.AccessController.doPrivileged(Native Method)
	at com.sun.javafx.application.PlatformImpl.lambda$runLater$173(PlatformImpl.java:294)
	at com.sun.glass.ui.InvokeLaterDispatcher$Future.run(InvokeLaterDispatcher.java:95)
	at com.sun.glass.ui.win.WinApplication._runLoop(Native Method)
	at com.sun.glass.ui.win.WinApplication.lambda$null$147(WinApplication.java:177)
	at java.lang.Thread.run(Thread.java:748)
2018-04-24 16:21:07,125 INFO  [JavaFX Application Thread     ] [MqttViewManager               ]  - Default configuration file present (C:\Users\donat\mqtt-spy\mqtt-spy-configuration.xml) = false
2018-04-24 16:21:11,933 INFO  [JavaFX Application Thread     ] [EditConnectionsController     ]  - Selecting first item...
2018-04-24 16:21:11,940 INFO  [JavaFX Application Thread     ] [EditConnectionsController     ]  - Selecting first item...
2018-04-24 16:21:11,949 INFO  [JavaFX Application Thread     ] [EditConnectionsController     ]  - Selecting first item...
2018-04-24 16:31:17,771 INFO  [JavaFX Application Thread     ] [EditConnectionsController     ]  - Selecting first item...
